<?xml version="1.0" encoding="UTF-8"?>
<!-- Generated by org.testng.reporters.JUnitReportReporter -->
<testsuite hostname="DEEPU-PC" name="com.acttime.projectandcustomerTest.Sample" tests="1" failures="0" timestamp="29 May 2015 14:53:35 GMT" time="10.565" errors="0">
  <testcase name="sampleTest" time="10.565" classname="com.acttime.projectandcustomerTest.Sample"/>
</testsuite> <!-- com.acttime.projectandcustomerTest.Sample -->
