<?xml version="1.0" encoding="UTF-8"?>
<!-- Generated by org.testng.reporters.JUnitReportReporter -->
<testsuite hostname="Sajid" name="com.acttime.projectandcustomerTest.ProjectAndCustomerTest" tests="1" failures="0" timestamp="27 Jun 2015 14:36:45 GMT" time="10.188" errors="0">
  <testcase name="createCustomerTest" time="10.188" classname="com.acttime.projectandcustomerTest.ProjectAndCustomerTest"/>
</testsuite> <!-- com.acttime.projectandcustomerTest.ProjectAndCustomerTest -->
