<?xml version="1.0" encoding="UTF-8"?>
<!-- Generated by org.testng.reporters.JUnitReportReporter -->
<testsuite hostname="Sajid" name="com.acttime.report.RpeortTest" tests="2" failures="0" timestamp="13 Jun 2015 19:19:35 GMT" time="5.903" errors="0">
  <testcase name="createRpeortTest" time="3.557" classname="com.acttime.report.RpeortTest"/>
  <testcase name="modifyRepeortTest" time="2.346" classname="com.acttime.report.RpeortTest"/>
</testsuite> <!-- com.acttime.report.RpeortTest -->
